<?xml version="1.0" encoding="UTF-8"?>
<!-- Generated by org.testng.reporters.JUnitReportReporter -->
<testsuite skipped="0" hostname="DESKTOP-MASUJHB" name="Form" tests="3" failures="0" timestamp="2022-01-26T17:41:53 ICT" time="26.588" errors="0">
  <testcase name="testcase2" time="0.001" classname="Form"/>
  <system-out/>
  <testcase name="testcase1" time="26.587" classname="Form"/>
  <system-out/>
  <testcase name="testcase3" time="0.000" classname="Form"/>
  <system-out/>
</testsuite> <!-- Form -->
